<?xml version="1.0" encoding="UTF-8"?>
<testng-results ignored="0" total="1" passed="1" failed="0" skipped="0">
  <reporter-output>
  </reporter-output>
  <suite started-at="2026-05-01T17:35:30Z" name="Default suite" finished-at="2026-05-01T17:35:48Z" duration-ms="18190">
    <groups>
    </groups>
    <test started-at="2026-05-01T17:35:30Z" name="Default test" finished-at="2026-05-01T17:35:48Z" duration-ms="18190">
      <class name="HandleWin.HandleWin.multiwindow">
        <test-method is-config="true" signature="setup()[pri:0, instance:HandleWin.HandleWin.multiwindow@78e4deb0]" started-at="2026-05-01T23:05:30Z" name="setup" finished-at="2026-05-01T23:05:33Z" duration-ms="2913" status="PASS">
          <reporter-output>
          </reporter-output>
        </test-method> <!-- setup -->
        <test-method signature="testMultiWindow()[pri:0, instance:HandleWin.HandleWin.multiwindow@78e4deb0]" started-at="2026-05-01T23:05:33Z" name="testMultiWindow" finished-at="2026-05-01T23:05:48Z" duration-ms="15248" status="PASS">
          <reporter-output>
          </reporter-output>
        </test-method> <!-- testMultiWindow -->
        <test-method is-config="true" signature="tearDown()[pri:0, instance:HandleWin.HandleWin.multiwindow@78e4deb0]" started-at="2026-05-01T23:05:48Z" name="tearDown" finished-at="2026-05-01T23:05:48Z" duration-ms="1" status="PASS">
          <reporter-output>
          </reporter-output>
        </test-method> <!-- tearDown -->
      </class> <!-- HandleWin.HandleWin.multiwindow -->
    </test> <!-- Default test -->
  </suite> <!-- Default suite -->
</testng-results>
